+ /opt/hostedtoolcache/Python/3.11.14/x64/bin/python3 /home/runner/work/hockey/hockey/scripts/getGames.py -sd 2025-11-11 -ed 2025-11-11 -ah null -f /home/runner/work/hockey/hockey/cache/deep/All_games_2025-11-11_deep.txt
ERROR fetching 2025-11-11 null: No module named 'certifi'
+ /opt/hostedtoolcache/Python/3.11.14/x64/bin/python3 /home/runner/work/hockey/hockey/scripts/getGames.py -sd 2025-11-12 -ed 2025-11-12 -ah null -f /home/runner/work/hockey/hockey/cache/deep/All_games_2025-11-12_deep.txt
ERROR fetching 2025-11-12 null: No module named 'certifi'
+ /opt/hostedtoolcache/Python/3.11.14/x64/bin/python3 /home/runner/work/hockey/hockey/scripts/getGames.py -sd 2025-11-13 -ed 2025-11-13 -ah null -f /home/runner/work/hockey/hockey/cache/deep/All_games_2025-11-13_deep.txt
ERROR fetching 2025-11-13 null: No module named 'certifi'
+ /opt/hostedtoolcache/Python/3.11.14/x64/bin/python3 /home/runner/work/hockey/hockey/scripts/getGames.py -sd 2025-11-14 -ed 2025-11-14 -ah null -f /home/runner/work/hockey/hockey/cache/deep/All_games_2025-11-14_deep.txt
ERROR fetching 2025-11-14 null: No module named 'certifi'
+ /opt/hostedtoolcache/Python/3.11.14/x64/bin/python3 /home/runner/work/hockey/hockey/scripts/getGames.py -sd 2025-11-15 -ed 2025-11-15 -ah null -f /home/runner/work/hockey/hockey/cache/deep/All_games_2025-11-15_deep.txt
ERROR fetching 2025-11-15 null: No module named 'certifi'
+ /opt/hostedtoolcache/Python/3.11.14/x64/bin/python3 /home/runner/work/hockey/hockey/scripts/getGames.py -sd 2025-11-16 -ed 2025-11-16 -ah null -f /home/runner/work/hockey/hockey/cache/deep/All_games_2025-11-16_deep.txt
ERROR fetching 2025-11-16 null: No module named 'certifi'
+ /opt/hostedtoolcache/Python/3.11.14/x64/bin/python3 /home/runner/work/hockey/hockey/scripts/getGames.py -sd 2025-11-17 -ed 2025-11-17 -ah null -f /home/runner/work/hockey/hockey/cache/deep/All_games_2025-11-17_deep.txt
ERROR fetching 2025-11-17 null: No module named 'certifi'
+ /opt/hostedtoolcache/Python/3.11.14/x64/bin/python3 /home/runner/work/hockey/hockey/scripts/getGames.py -sd 2025-11-18 -ed 2025-11-18 -ah null -f /home/runner/work/hockey/hockey/cache/deep/All_games_2025-11-18_deep.txt
ERROR fetching 2025-11-18 null: No module named 'certifi'
+ /opt/hostedtoolcache/Python/3.11.14/x64/bin/python3 /home/runner/work/hockey/hockey/scripts/getGames.py -sd 2025-11-19 -ed 2025-11-19 -ah null -f /home/runner/work/hockey/hockey/cache/deep/All_games_2025-11-19_deep.txt
ERROR fetching 2025-11-19 null: No module named 'certifi'
+ /opt/hostedtoolcache/Python/3.11.14/x64/bin/python3 /home/runner/work/hockey/hockey/scripts/getClubs.py -gf /home/runner/work/hockey/hockey/tmp_concat_deep.txt -cf /home/runner/work/hockey/hockey/scripts/Clubs.txt -af /home/runner/work/hockey/hockey/scripts/Arenas.csv -scf /home/runner/work/hockey/hockey/scripts/Combined_clubs_teams.txt -ogf /home/runner/work/hockey/hockey/tmp_deep_update.txt
Updated file written to: /home/runner/work/hockey/hockey/tmp_deep_update.txt
[write] data/games.csv uppdaterad (/home/runner/work/hockey/hockey/data/games.csv)
