[2025-11-21 03:24:06] === rolling_deep_fetch start (today=2025-11-21) ===
[2025-11-21 03:24:06] games.csv innehåller inga giltiga datum.
[2025-11-21 03:24:06] Fönster 12 dagar: 2025-11-17 .. 2025-11-28
[2025-11-21 03:24:06] ⭕ 2025-11-17: tom matchdag → 0 rader
[2025-11-21 03:24:06] ⭕ 2025-11-18: tom matchdag → 0 rader
[2025-11-21 03:24:06] ⭕ 2025-11-19: tom matchdag → 0 rader
[2025-11-21 03:24:06] ⭕ 2025-11-20: tom matchdag → 0 rader
[2025-11-21 03:24:06] 📡 2025-11-21: saknas → deep-fetch (specialdag)
[2025-11-21 03:24:06] 🔄 Deep-fetch 2025-11-21
[2025-11-21 03:24:34] ✅ 138 fetched för 2025-11-21
[2025-11-21 03:24:34] ⭕ 2025-11-22: tom matchdag → 0 rader
[2025-11-21 03:24:34] ⭕ 2025-11-23: tom matchdag → 0 rader
[2025-11-21 03:24:34] ⭕ 2025-11-24: tom matchdag → 0 rader
[2025-11-21 03:24:34] ⭕ 2025-11-25: tom matchdag → 0 rader
[2025-11-21 03:24:34] ⭕ 2025-11-26: tom matchdag → 0 rader
[2025-11-21 03:24:34] ⭕ 2025-11-27: tom matchdag → 0 rader
[2025-11-21 03:24:34] 📡 2025-11-28: saknas → deep-fetch (specialdag)
[2025-11-21 03:24:34] 🔄 Deep-fetch 2025-11-28
[2025-11-21 03:25:01] ✅ 112 fetched för 2025-11-28
[2025-11-21 03:25:01] 💾 Skrev 250 rader till /home/runner/work/hockey/hockey/tmp_concat_deep.txt
[2025-11-21 03:25:01] === rolling_deep_fetch klar ===
